0.000000 0.000000
0.010000 0.001791
0.020000 0.003565
0.030000 0.005309
0.040000 0.007011
0.050000 0.008659
0.060000 0.010247
0.070000 0.011767
0.080000 0.013215
0.090000 0.014587
0.100000 0.015882
0.110000 0.017099
0.120000 0.018240
0.130000 0.019308
0.140000 0.020306
0.150000 0.021239
0.160000 0.022114
0.170000 0.022938
0.180000 0.023720
0.190000 0.024468
0.200000 0.025193
0.210000 0.025907
0.220000 0.026618
0.230000 0.027323
0.240000 0.028016
0.250000 0.028692
0.260000 0.029349
0.270000 0.029982
0.280000 0.030589
0.290000 0.031169
0.300000 0.031720
0.310000 0.032241
0.320000 0.032733
0.330000 0.033196
0.340000 0.033632
0.350000 0.034040
0.360000 0.034424
0.370000 0.034786
0.380000 0.035129
0.390000 0.035455
0.400000 0.035769
0.410000 0.036074
0.420000 0.036375
0.430000 0.036675
0.440000 0.036973
0.450000 0.037265
0.460000 0.037551
0.470000 0.037829
0.480000 0.038097
0.490000 0.038355
0.500000 0.038602
0.510000 0.038837
0.520000 0.039060
0.530000 0.039271
0.540000 0.039471
0.550000 0.039659
0.560000 0.039837
0.570000 0.040004
0.580000 0.040163
0.590000 0.040314
0.600000 0.040458
0.610000 0.040598
0.620000 0.040734
0.630000 0.040868
0.640000 0.041002
0.650000 0.041135
0.660000 0.041265
0.670000 0.041393
0.680000 0.041517
0.690000 0.041637
0.700000 0.041753
0.710000 0.041864
0.720000 0.041970
0.730000 0.042071
0.740000 0.042167
0.750000 0.042257
0.760000 0.042343
0.770000 0.042424
0.780000 0.042501
0.790000 0.042574
0.800000 0.042644
0.810000 0.042711
0.820000 0.042776
0.830000 0.042840
0.840000 0.042903
0.850000 0.042965
0.860000 0.043027
0.870000 0.043088
0.880000 0.043148
0.890000 0.043206
0.900000 0.043262
0.910000 0.043317
0.920000 0.043369
0.930000 0.043419
0.940000 0.043466
0.950000 0.043511
0.960000 0.043554
0.970000 0.043594
0.980000 0.043633
0.990000 0.043669
1.000000 0.043704
1.010000 0.043737
1.020000 0.043769
1.030000 0.043800
1.040000 0.043831
1.050000 0.043861
1.060000 0.043891
1.070000 0.043920
1.080000 0.043949
1.090000 0.043978
1.100000 0.044006
1.110000 0.044032
1.120000 0.044058
1.130000 0.044083
1.140000 0.044106
1.150000 0.044129
1.160000 0.044150
1.170000 0.044170
1.180000 0.044189
1.190000 0.044207
1.200000 0.044223
1.210000 0.044239
1.220000 0.044255
1.230000 0.044269
1.240000 0.044283
1.250000 0.044297
1.260000 0.044311
1.270000 0.044324
1.280000 0.044338
1.290000 0.044351
1.300000 0.044364
1.310000 0.044376
1.320000 0.044388
1.330000 0.044399
1.340000 0.044409
1.350000 0.044419
1.360000 0.044428
1.370000 0.044436
1.380000 0.044444
1.390000 0.044451
1.400000 0.044458
1.410000 0.044464
1.420000 0.044469
1.430000 0.044474
1.440000 0.044478
1.450000 0.044482
1.460000 0.044486
1.470000 0.044490
1.480000 0.044494
1.490000 0.044498
1.500000 0.044502
1.510000 0.044505
1.520000 0.044508
1.530000 0.044510
1.540000 0.044512
1.550000 0.044513
1.560000 0.044514
1.570000 0.044515
1.580000 0.044514
1.590000 0.044514
1.600000 0.044512
1.610000 0.044510
1.620000 0.044508
1.630000 0.044505
1.640000 0.044502
1.650000 0.044499
1.660000 0.044495
1.670000 0.044491
1.680000 0.044487
1.690000 0.044483
1.700000 0.044479
1.710000 0.044475
1.720000 0.044470
1.730000 0.044464
1.740000 0.044459
1.750000 0.044452
1.760000 0.044445
1.770000 0.044438
1.780000 0.044429
1.790000 0.044420
1.800000 0.044411
1.810000 0.044400
1.820000 0.044389
1.830000 0.044378
1.840000 0.044366
1.850000 0.044353
1.860000 0.044340
1.870000 0.044326
1.880000 0.044313
1.890000 0.044299
1.900000 0.044285
1.910000 0.044271
1.920000 0.044257
1.930000 0.044242
1.940000 0.044226
1.950000 0.044209
1.960000 0.044192
1.970000 0.044173
1.980000 0.044153
1.990000 0.044132
2.000000 0.044110
2.010000 0.044087
2.020000 0.044062
2.030000 0.044037
2.040000 0.044010
2.050000 0.043982
2.060000 0.043954
2.070000 0.043925
2.080000 0.043895
2.090000 0.043865
2.100000 0.043835
2.110000 0.043805
2.120000 0.043774
2.130000 0.043742
2.140000 0.043709
2.150000 0.043675
2.160000 0.043639
2.170000 0.043601
2.180000 0.043560
2.190000 0.043518
2.200000 0.043473
2.210000 0.043426
2.220000 0.043377
2.230000 0.043325
2.240000 0.043271
2.250000 0.043215
2.260000 0.043157
2.270000 0.043098
2.280000 0.043037
2.290000 0.042975
2.300000 0.042913
2.310000 0.042850
2.320000 0.042786
2.330000 0.042722
2.340000 0.042655
2.350000 0.042586
2.360000 0.042513
2.370000 0.042437
2.380000 0.042356
2.390000 0.042271
2.400000 0.042181
2.410000 0.042086
2.420000 0.041986
2.430000 0.041881
2.440000 0.041771
2.450000 0.041656
2.460000 0.041537
2.470000 0.041413
2.480000 0.041286
2.490000 0.041156
2.500000 0.041023
2.510000 0.040889
2.520000 0.040755
2.530000 0.040619
2.540000 0.040481
2.550000 0.040337
2.560000 0.040187
2.570000 0.040030
2.580000 0.039864
2.590000 0.039688
2.600000 0.039502
2.610000 0.039304
2.620000 0.039094
2.630000 0.038873
2.640000 0.038640
2.650000 0.038395
2.660000 0.038139
2.670000 0.037872
2.680000 0.037596
2.690000 0.037311
2.700000 0.037020
2.710000 0.036723
2.720000 0.036423
2.730000 0.036122
2.740000 0.035818
2.750000 0.035506
2.760000 0.035182
2.770000 0.034842
2.780000 0.034483
2.790000 0.034103
2.800000 0.033698
2.810000 0.033268
2.820000 0.032809
2.830000 0.032322
2.840000 0.031805
2.850000 0.031258
2.860000 0.030683
2.870000 0.030080
2.880000 0.029451
2.890000 0.028798
2.900000 0.028125
2.910000 0.027434
2.920000 0.026731
2.930000 0.026021
2.940000 0.025308
2.950000 0.024585
2.960000 0.023841
2.970000 0.023065
2.980000 0.022249
2.990000 0.021383
3.000000 0.020459
3.010000 0.019472
3.020000 0.018415
3.030000 0.017286
3.040000 0.016081
3.050000 0.014798
3.060000 0.013438
3.070000 0.012003
3.080000 0.010494
3.090000 0.008917
3.100000 0.007277
3.110000 0.005583
3.120000 0.003845
3.130000 0.002075
3.140000 0.000286
