0.000000 0.000000
0.010000 0.001170
0.020000 0.001930
0.030000 0.001990
0.040000 0.001459
0.050000 0.000226
0.060000 0.001018
0.070000 0.002364
0.080000 0.003643
0.090000 0.004701
0.100000 0.005636
0.110000 0.005931
0.120000 0.005773
0.130000 0.005178
0.140000 0.004402
0.150000 0.003121
0.160000 0.001647
0.170000 0.000094
0.180000 0.001427
0.190000 0.002638
0.200000 0.003809
0.210000 0.004697
0.220000 0.005268
0.230000 0.005520
0.240000 0.005343
0.250000 0.005060
0.260000 0.004595
0.270000 0.004021
0.280000 0.003304
0.290000 0.002743
0.300000 0.002289
0.310000 0.001992
0.320000 0.001885
0.330000 0.001877
0.340000 0.002167
0.350000 0.002625
0.360000 0.003210
0.370000 0.003876
0.380000 0.004479
0.390000 0.005155
0.400000 0.005765
0.410000 0.006269
0.420000 0.006564
0.430000 0.006795
0.440000 0.006881
0.450000 0.006833
0.460000 0.006676
0.470000 0.006379
0.480000 0.006100
0.490000 0.005813
0.500000 0.005550
0.510000 0.005341
0.520000 0.005156
0.530000 0.005118
0.540000 0.005175
0.550000 0.005324
0.560000 0.005499
0.570000 0.005786
0.580000 0.006107
0.590000 0.006440
0.600000 0.006759
0.610000 0.006998
0.620000 0.007231
0.630000 0.007398
0.640000 0.007494
0.650000 0.007519
0.660000 0.007445
0.670000 0.007356
0.680000 0.007230
0.690000 0.007085
0.700000 0.006908
0.710000 0.006777
0.720000 0.006676
0.730000 0.006615
0.740000 0.006602
0.750000 0.006608
0.760000 0.006690
0.770000 0.006810
0.780000 0.006959
0.790000 0.007098
0.800000 0.007267
0.810000 0.007429
0.820000 0.007570
0.830000 0.007683
0.840000 0.007738
0.850000 0.007779
0.860000 0.007784
0.870000 0.007755
0.880000 0.007700
0.890000 0.007610
0.900000 0.007529
0.910000 0.007449
0.920000 0.007379
0.930000 0.007310
0.940000 0.007280
0.950000 0.007276
0.960000 0.007299
0.970000 0.007347
0.980000 0.007400
0.990000 0.007484
1.000000 0.007575
1.010000 0.007668
1.020000 0.007754
1.030000 0.007816
1.040000 0.007874
1.050000 0.007911
1.060000 0.007927
1.070000 0.007911
1.080000 0.007889
1.090000 0.007852
1.100000 0.007806
1.110000 0.007756
1.120000 0.007698
1.130000 0.007657
1.140000 0.007627
1.150000 0.007611
1.160000 0.007611
1.170000 0.007619
1.180000 0.007650
1.190000 0.007694
1.200000 0.007745
1.210000 0.007793
1.220000 0.007848
1.230000 0.007899
1.240000 0.007941
1.250000 0.007971
1.260000 0.007983
1.270000 0.007986
1.280000 0.007977
1.290000 0.007956
1.300000 0.007926
1.310000 0.007887
1.320000 0.007851
1.330000 0.007817
1.340000 0.007789
1.350000 0.007765
1.360000 0.007756
1.370000 0.007759
1.380000 0.007772
1.390000 0.007796
1.400000 0.007824
1.410000 0.007861
1.420000 0.007900
1.430000 0.007937
1.440000 0.007969
1.450000 0.007992
1.460000 0.008009
1.470000 0.008014
1.480000 0.008009
1.490000 0.007993
1.500000 0.007969
1.510000 0.007940
1.520000 0.007908
1.530000 0.007875
1.540000 0.007846
1.550000 0.007822
1.560000 0.007807
1.570000 0.007801
1.580000 0.007805
1.590000 0.007820
1.600000 0.007842
1.610000 0.007871
1.620000 0.007903
1.630000 0.007936
1.640000 0.007966
1.650000 0.007991
1.660000 0.008008
1.670000 0.008015
1.680000 0.008013
1.690000 0.007999
1.700000 0.007975
1.710000 0.007944
1.720000 0.007910
1.730000 0.007872
1.740000 0.007834
1.750000 0.007802
1.760000 0.007777
1.770000 0.007765
1.780000 0.007761
1.790000 0.007769
1.800000 0.007787
1.810000 0.007814
1.820000 0.007851
1.830000 0.007887
1.840000 0.007923
1.850000 0.007953
1.860000 0.007981
1.870000 0.007993
1.880000 0.007992
1.890000 0.007978
1.900000 0.007949
1.910000 0.007916
1.920000 0.007867
1.930000 0.007813
1.940000 0.007757
1.950000 0.007705
1.960000 0.007668
1.970000 0.007635
1.980000 0.007616
1.990000 0.007613
2.000000 0.007635
2.010000 0.007664
2.020000 0.007704
2.030000 0.007751
2.040000 0.007802
2.050000 0.007859
2.060000 0.007898
2.070000 0.007924
2.080000 0.007932
2.090000 0.007920
2.100000 0.007898
2.110000 0.007844
2.120000 0.007773
2.130000 0.007688
2.140000 0.007611
2.150000 0.007519
2.160000 0.007434
2.170000 0.007363
2.180000 0.007311
2.190000 0.007300
2.200000 0.007300
2.210000 0.007326
2.220000 0.007376
2.230000 0.007444
2.240000 0.007540
2.250000 0.007622
2.260000 0.007697
2.270000 0.007756
2.280000 0.007809
2.290000 0.007812
2.300000 0.007778
2.310000 0.007707
2.320000 0.007600
2.330000 0.007487
2.340000 0.007330
2.350000 0.007162
2.360000 0.006995
2.370000 0.006871
2.380000 0.006746
2.390000 0.006658
2.400000 0.006615
2.410000 0.006621
2.420000 0.006704
2.430000 0.006800
2.440000 0.006928
2.450000 0.007074
2.460000 0.007221
2.470000 0.007385
2.480000 0.007483
2.490000 0.007531
2.500000 0.007518
2.510000 0.007475
2.520000 0.007321
2.530000 0.007101
2.540000 0.006825
2.550000 0.006511
2.560000 0.006228
2.570000 0.005905
2.580000 0.005613
2.590000 0.005376
2.600000 0.005214
2.610000 0.005194
2.620000 0.005219
2.630000 0.005336
2.640000 0.005534
2.650000 0.005848
2.660000 0.006136
2.670000 0.006421
2.680000 0.006668
2.690000 0.006841
2.700000 0.006979
2.710000 0.006921
2.720000 0.006719
2.730000 0.006370
2.740000 0.005886
2.750000 0.005381
2.760000 0.004717
2.770000 0.004023
2.780000 0.003350
2.790000 0.002848
2.800000 0.002370
2.810000 0.002053
2.820000 0.001927
2.830000 0.002002
2.840000 0.002378
2.850000 0.002813
2.860000 0.003365
2.870000 0.003970
2.880000 0.004556
2.890000 0.005172
2.900000 0.005497
2.910000 0.005586
2.920000 0.005387
2.930000 0.005027
2.940000 0.004200
2.950000 0.003082
2.960000 0.001730
2.970000 0.000227
2.980000 0.001133
2.990000 0.002620
3.000000 0.003933
3.010000 0.004964
3.020000 0.005625
3.030000 0.005640
3.040000 0.005412
3.050000 0.004755
3.060000 0.003741
3.070000 0.002254
3.080000 0.000894
3.090000 0.000393
3.100000 0.001433
3.110000 0.002052
3.120000 0.002399
3.130000 0.001782
3.140000 0.000420
